<?xml version="1.0" encoding="UTF-8"?>
<!-- Generated by org.testng.reporters.JUnitXMLReporter -->
<testsuite ignored="0" hostname="DESKTOP-4I3MU0F" failures="0" tests="5" name="Default test" time="58.76" errors="0" timestamp="2022-08-27T09:57:51 IST">
  <testcase classname="testngpack.DataproviderCode" name="testActiTimeValidLogin" time="0.557"/>
  <testcase classname="testngpack.DataproviderCode" name="testActiTimeValidLogin" time="0.409"/>
  <testcase classname="testngpack.DataproviderCode" name="testActiTimeValidLogin" time="0.493"/>
  <testcase classname="testngpack.DataproviderCode" name="testActiTimeValidLogin" time="0.474"/>
  <testcase classname="testngpack.DataproviderCode" name="testActiTimeValidLogin" time="0.377"/>
</testsuite> <!-- Default test -->
